  TypeAnalyzer.cpp
  ThreadPool.cpp
  TestExec.cpp
  Task.cpp
  ParallelDependencyExecutive.cpp
  ParallelDependencyAnalyzer.cpp
  DependencyAnalyzer.cpp
  Cpp11-BlockingQueue.cpp
  Utilities.cpp
  Tokenizer.cpp
  SemiExp.cpp
  ScopeStack.cpp
  Parser.cpp
  MetricExecutive.cpp
  MetricAnalyzer.cpp
  ConfigureParser.cpp
  ASTree.cpp
  ActionsAndRules.cpp
  FileSystem.cpp
  FileMgr.cpp
  Generating Code...
  Compiling...
  DataStore.cpp
  Generating Code...
  DependencyAnalyzer.vcxproj -> C:\Users\YQ\Desktop\CSE687_OOD\Projects\Project3\Debug\DependencyAnalyzer.exe
