c:\users\yq\desktop\cse687_ood\project2\project2helpercode\parser\x64\debug\parser.pdb
c:\users\yq\desktop\cse687_ood\project2\project2helpercode\parser\x64\debug\parser.idb
c:\users\yq\desktop\cse687_ood\project2\project2helpercode\parser\x64\debug\datastore.obj
c:\users\yq\desktop\cse687_ood\project2\project2helpercode\parser\x64\debug\filemgr.obj
c:\users\yq\desktop\cse687_ood\project2\project2helpercode\parser\x64\debug\filesystem.obj
c:\users\yq\desktop\cse687_ood\project2\project2helpercode\parser\x64\debug\scopestack.obj
c:\users\yq\desktop\cse687_ood\project2\project2helpercode\parser\x64\debug\semiexp.obj
c:\users\yq\desktop\cse687_ood\project2\project2helpercode\parser\x64\debug\tokenizer.obj
c:\users\yq\desktop\cse687_ood\project2\project2helpercode\parser\x64\debug\utilities.obj
c:\users\yq\desktop\cse687_ood\project2\project2helpercode\parser\x64\debug\actionsandrules.obj
c:\users\yq\desktop\cse687_ood\project2\project2helpercode\parser\x64\debug\astree.obj
c:\users\yq\desktop\cse687_ood\project2\project2helpercode\parser\x64\debug\configureparser.obj
c:\users\yq\desktop\cse687_ood\project2\project2helpercode\parser\x64\debug\metricanalyzer.obj
c:\users\yq\desktop\cse687_ood\project2\project2helpercode\parser\x64\debug\metricexecutive.obj
c:\users\yq\desktop\cse687_ood\project2\project2helpercode\parser\x64\debug\parser.obj
c:\users\yq\desktop\cse687_ood\project2\project2helpercode\x64\debug\parser.lib
c:\users\yq\desktop\cse687_ood\project2\project2helpercode\x64\debug\parser.pdb
c:\users\yq\desktop\cse687_ood\project2\project2helpercode\parser\x64\debug\parser.tlog\cl.command.1.tlog
c:\users\yq\desktop\cse687_ood\project2\project2helpercode\parser\x64\debug\parser.tlog\cl.read.1.tlog
c:\users\yq\desktop\cse687_ood\project2\project2helpercode\parser\x64\debug\parser.tlog\cl.write.1.tlog
c:\users\yq\desktop\cse687_ood\project2\project2helpercode\parser\x64\debug\parser.tlog\lib-link.read.1.tlog
c:\users\yq\desktop\cse687_ood\project2\project2helpercode\parser\x64\debug\parser.tlog\lib-link.write.1.tlog
c:\users\yq\desktop\cse687_ood\project2\project2helpercode\parser\x64\debug\parser.tlog\lib.command.1.tlog
